<?xml version="1.0" encoding="UTF-8"?>
<!-- Generated by org.testng.reporters.JUnitXMLReporter -->
<testsuite hostname="LAPTOP-8PV5OBQH" ignored="0" name="Test" tests="4" failures="0" timestamp="2021-11-05T18:32:48 IST" time="43.53" errors="0">
  <testcase name="login" time="3.157" classname="Tests.Loginpage"/>
  <testcase name="login" time="12.309" classname="Tests.Loginpage"/>
  <testcase name="TwoTest" time="0.0" classname="Tests.TwoTest"/>
  <testcase name="ThreeTest" time="0.0" classname="Tests.ThreeTest"/>
</testsuite> <!-- Test -->
