<?xml version="1.0" encoding="UTF-8"?>
<testng-results skipped="0" failed="0" ignored="0" total="1" passed="1">
  <reporter-output>
  </reporter-output>
  <suite name="Suite" duration-ms="13766" started-at="2021-11-06T19:19:42 IST" finished-at="2021-11-06T19:19:55 IST">
    <groups>
      <group name="cucumber">
        <method signature="AbstractTestNGCucumberTests.runScenario(io.cucumber.testng.PickleWrapper,io.cucumber.testng.FeatureWrapper)[pri:0, instance:runner.Runner@86be70a]" name="runScenario" class="io.cucumber.testng.AbstractTestNGCucumberTests"/>
      </group> <!-- cucumber -->
    </groups>
    <test name="FourTest" duration-ms="13766" started-at="2021-11-06T19:19:42 IST" finished-at="2021-11-06T19:19:55 IST">
      <class name="runner.Runner">
        <test-method status="PASS" signature="setUpClass()[pri:0, instance:runner.Runner@86be70a]" name="setUpClass" is-config="true" duration-ms="274" started-at="2021-11-06T19:19:42 IST" finished-at="2021-11-06T19:19:42 IST">
          <reporter-output>
          </reporter-output>
        </test-method> <!-- setUpClass -->
        <test-method status="PASS" signature="runScenario(io.cucumber.testng.PickleWrapper,io.cucumber.testng.FeatureWrapper)[pri:0, instance:runner.Runner@86be70a]" name="runScenario" duration-ms="13428" started-at="2021-11-06T19:19:42 IST" description="Runs Cucumber Scenarios" data-provider="scenarios" finished-at="2021-11-06T19:19:55 IST">
          <params>
            <param index="0">
              <value>
                <![CDATA["Login with valid credentials"]]>
              </value>
            </param>
            <param index="1">
              <value>
                <![CDATA["Optional[Application Login]"]]>
              </value>
            </param>
          </params>
          <reporter-output>
          </reporter-output>
        </test-method> <!-- runScenario -->
        <test-method status="PASS" signature="tearDownClass()[pri:0, instance:runner.Runner@86be70a]" name="tearDownClass" is-config="true" duration-ms="16" started-at="2021-11-06T19:19:55 IST" finished-at="2021-11-06T19:19:55 IST">
          <reporter-output>
          </reporter-output>
        </test-method> <!-- tearDownClass -->
      </class> <!-- runner.Runner -->
    </test> <!-- FourTest -->
  </suite> <!-- Suite -->
</testng-results>
